<?xml version="1.0" encoding="utf-8"?><testsuites name="pytest tests"><testsuite name="pytest" errors="0" failures="0" skipped="0" tests="24" time="11.181" timestamp="2026-06-22T04:58:34.462210+00:00" hostname="agent-env-bde1c530-969d-4a59-9d95-efd8f22d02e8"><testcase classname="backend.tests.test_mtb_backend.TestSeed" name="test_seed_idempotent" time="0.305" /><testcase classname="backend.tests.test_mtb_backend.TestAuth" name="test_login_patient_success" time="0.288" /><testcase classname="backend.tests.test_mtb_backend.TestAuth" name="test_login_wrong_password" time="0.266" /><testcase classname="backend.tests.test_mtb_backend.TestAuth" name="test_me_with_token" time="0.348" /><testcase classname="backend.tests.test_mtb_backend.TestAuth" name="test_me_no_token_401" time="0.041" /><testcase classname="backend.tests.test_mtb_backend.TestAuth" name="test_refresh_token" time="0.309" /><testcase classname="backend.tests.test_mtb_backend.TestAuth" name="test_register_new_user_and_duplicate_rejection" time="0.568" /><testcase classname="backend.tests.test_mtb_backend.TestAuth" name="test_forgot_reset_flow" time="0.653" /><testcase classname="backend.tests.test_mtb_backend.TestTrialsVisits" name="test_patient_sees_enrolled_trial" time="0.347" /><testcase classname="backend.tests.test_mtb_backend.TestTrialsVisits" name="test_get_trial_with_visits" time="0.430" /><testcase classname="backend.tests.test_mtb_backend.TestTrialsVisits" name="test_visits_mine_patient" time="0.349" /><testcase classname="backend.tests.test_mtb_backend.TestPatients" name="test_pi_sees_patients" time="0.308" /><testcase classname="backend.tests.test_mtb_backend.TestPatients" name="test_crc_sees_patients" time="0.346" /><testcase classname="backend.tests.test_mtb_backend.TestPatients" name="test_sponsor_sees_all_patients" time="0.347" /><testcase classname="backend.tests.test_mtb_backend.TestPatients" name="test_patient_role_forbidden" time="0.347" /><testcase classname="backend.tests.test_mtb_backend.TestPatients" name="test_create_patient_pi_ok" time="0.393" /><testcase classname="backend.tests.test_mtb_backend.TestPatients" name="test_create_patient_patient_forbidden" time="0.345" /><testcase classname="backend.tests.test_mtb_backend.TestPatients" name="test_create_patient_sponsor_forbidden" time="0.347" /><testcase classname="backend.tests.test_mtb_backend.TestNotifications" name="test_patient_notifications_and_mark_read" time="0.514" /><testcase classname="backend.tests.test_mtb_backend.TestUsersAndConversations" name="test_users_directory" time="0.347" /><testcase classname="backend.tests.test_mtb_backend.TestUsersAndConversations" name="test_create_conversation_dedupe" time="0.789" /><testcase classname="backend.tests.test_mtb_backend.TestWebSocket" name="test_ws_invalid_token_rejected" time="0.210" /><testcase classname="backend.tests.test_mtb_backend.TestWebSocket" name="test_ws_message_delivery" time="1.575" /><testcase classname="backend.tests.test_mtb_backend.TestWebSocket" name="test_ws_typing_event" time="1.314" /></testsuite></testsuites>